  Module6_10.cpp
c:\users\eric\documents\graduate school\computer graphics\module 11\module11lab\final project\geometry\point3.h(115): warning C4244: 'argument': conversion from 'double' to 'const float', possible loss of data
c:\users\eric\documents\graduate school\computer graphics\module 11\module11lab\final project\shader_support\glsl_shader.h(56): warning C4996: '_open': This function or variable may be unsafe. Consider using _sopen_s instead. To disable deprecation, use _CRT_SECURE_NO_WARNINGS. See online help for details.
  c:\program files (x86)\windows kits\10\include\10.0.17134.0\ucrt\corecrt_io.h(390): note: see declaration of '_open'
c:\users\eric\documents\graduate school\computer graphics\module 11\module11lab\final project\shader_support\glsl_shader.h(60): warning C4996: '_open': This function or variable may be unsafe. Consider using _sopen_s instead. To disable deprecation, use _CRT_SECURE_NO_WARNINGS. See online help for details.
  c:\program files (x86)\windows kits\10\include\10.0.17134.0\ucrt\corecrt_io.h(390): note: see declaration of '_open'
c:\users\eric\documents\graduate school\computer graphics\module 11\module11lab\final project\shader_support\glsl_shader.h(70): warning C4996: 'fopen': This function or variable may be unsafe. Consider using fopen_s instead. To disable deprecation, use _CRT_SECURE_NO_WARNINGS. See online help for details.
  c:\program files (x86)\windows kits\10\include\10.0.17134.0\ucrt\stdio.h(208): note: see declaration of 'fopen'
c:\users\eric\documents\graduate school\computer graphics\module 11\module11lab\final project\scene\presentationnode.h(122): warning C4477: 'printf' : format string '%s' requires an argument of type 'char *', but variadic argument 1 has type 'const std::string'
c:\users\eric\documents\graduate school\computer graphics\module 11\module11lab\final project\scene\presentationnode.h(139): warning C4477: 'printf' : format string '%s' requires an argument of type 'char *', but variadic argument 1 has type 'const std::string'
c:\users\eric\documents\graduate school\computer graphics\module 11\module11lab\final project\scene\presentationnode.h(145): warning C4477: 'printf' : format string '%s' requires an argument of type 'char *', but variadic argument 1 has type 'const std::string'
c:\users\eric\documents\graduate school\computer graphics\module 11\module11lab\final project\scene\presentationnode.h(197): warning C4477: 'printf' : format string '%s' requires an argument of type 'char *', but variadic argument 1 has type 'const std::string'
c:\users\eric\documents\graduate school\computer graphics\module 11\module11lab\final project\scene\presentationnode.h(214): warning C4477: 'printf' : format string '%s' requires an argument of type 'char *', but variadic argument 1 has type 'const std::string'
c:\users\eric\documents\graduate school\computer graphics\module 11\module11lab\final project\scene\presentationnode.h(220): warning C4477: 'printf' : format string '%s' requires an argument of type 'char *', but variadic argument 1 has type 'const std::string'
c:\users\eric\documents\graduate school\computer graphics\module 11\module11lab\final project\module6_10\particleemitter.h(67): warning C4244: 'initializing': conversion from 'float' to 'int', possible loss of data
c:\users\eric\documents\graduate school\computer graphics\module 11\module11lab\final project\module6_10\particleemitter.h(68): warning C4244: 'initializing': conversion from 'float' to 'int', possible loss of data
c:\users\eric\documents\graduate school\computer graphics\module 11\module11lab\final project\module6_10\particleemitter.h(69): warning C4244: 'initializing': conversion from 'float' to 'int', possible loss of data
c:\users\eric\documents\graduate school\computer graphics\module 11\module11lab\final project\module6_10\particleemitter.h(70): warning C4244: 'initializing': conversion from 'float' to 'int', possible loss of data
c:\users\eric\documents\graduate school\computer graphics\module 11\module11lab\final project\module6_10\particleemitter.h(72): warning C4244: 'initializing': conversion from 'float' to 'int', possible loss of data
c:\users\eric\documents\graduate school\computer graphics\module 11\module11lab\final project\module6_10\particleemitter.h(73): warning C4244: 'initializing': conversion from 'float' to 'int', possible loss of data
c:\users\eric\documents\graduate school\computer graphics\module 11\module11lab\final project\module6_10\particleemitter.h(74): warning C4244: 'initializing': conversion from 'float' to 'int', possible loss of data
c:\users\eric\documents\graduate school\computer graphics\module 11\module11lab\final project\module6_10\particleemitter.h(76): warning C4244: 'argument': conversion from 'int' to 'const float', possible loss of data
c:\users\eric\documents\graduate school\computer graphics\module 11\module11lab\final project\module6_10\particleemitter.h(80): warning C4244: 'argument': conversion from 'int' to 'const float', possible loss of data
c:\users\eric\documents\graduate school\computer graphics\module 11\module11lab\final project\module6_10\lighting_shader_node.h(94): warning C4996: 'sprintf': This function or variable may be unsafe. Consider using sprintf_s instead. To disable deprecation, use _CRT_SECURE_NO_WARNINGS. See online help for details.
  c:\program files (x86)\windows kits\10\include\10.0.17134.0\ucrt\stdio.h(1774): note: see declaration of 'sprintf'
c:\users\eric\documents\graduate school\computer graphics\module 11\module11lab\final project\module6_10\lighting_shader_node.h(96): warning C4996: 'sprintf': This function or variable may be unsafe. Consider using sprintf_s instead. To disable deprecation, use _CRT_SECURE_NO_WARNINGS. See online help for details.
  c:\program files (x86)\windows kits\10\include\10.0.17134.0\ucrt\stdio.h(1774): note: see declaration of 'sprintf'
c:\users\eric\documents\graduate school\computer graphics\module 11\module11lab\final project\module6_10\lighting_shader_node.h(98): warning C4996: 'sprintf': This function or variable may be unsafe. Consider using sprintf_s instead. To disable deprecation, use _CRT_SECURE_NO_WARNINGS. See online help for details.
  c:\program files (x86)\windows kits\10\include\10.0.17134.0\ucrt\stdio.h(1774): note: see declaration of 'sprintf'
c:\users\eric\documents\graduate school\computer graphics\module 11\module11lab\final project\module6_10\lighting_shader_node.h(100): warning C4996: 'sprintf': This function or variable may be unsafe. Consider using sprintf_s instead. To disable deprecation, use _CRT_SECURE_NO_WARNINGS. See online help for details.
  c:\program files (x86)\windows kits\10\include\10.0.17134.0\ucrt\stdio.h(1774): note: see declaration of 'sprintf'
c:\users\eric\documents\graduate school\computer graphics\module 11\module11lab\final project\module6_10\lighting_shader_node.h(102): warning C4996: 'sprintf': This function or variable may be unsafe. Consider using sprintf_s instead. To disable deprecation, use _CRT_SECURE_NO_WARNINGS. See online help for details.
  c:\program files (x86)\windows kits\10\include\10.0.17134.0\ucrt\stdio.h(1774): note: see declaration of 'sprintf'
c:\users\eric\documents\graduate school\computer graphics\module 11\module11lab\final project\module6_10\lighting_shader_node.h(104): warning C4996: 'sprintf': This function or variable may be unsafe. Consider using sprintf_s instead. To disable deprecation, use _CRT_SECURE_NO_WARNINGS. See online help for details.
  c:\program files (x86)\windows kits\10\include\10.0.17134.0\ucrt\stdio.h(1774): note: see declaration of 'sprintf'
c:\users\eric\documents\graduate school\computer graphics\module 11\module11lab\final project\module6_10\lighting_shader_node.h(106): warning C4996: 'sprintf': This function or variable may be unsafe. Consider using sprintf_s instead. To disable deprecation, use _CRT_SECURE_NO_WARNINGS. See online help for details.
  c:\program files (x86)\windows kits\10\include\10.0.17134.0\ucrt\stdio.h(1774): note: see declaration of 'sprintf'
c:\users\eric\documents\graduate school\computer graphics\module 11\module11lab\final project\module6_10\lighting_shader_node.h(108): warning C4996: 'sprintf': This function or variable may be unsafe. Consider using sprintf_s instead. To disable deprecation, use _CRT_SECURE_NO_WARNINGS. See online help for details.
  c:\program files (x86)\windows kits\10\include\10.0.17134.0\ucrt\stdio.h(1774): note: see declaration of 'sprintf'
c:\users\eric\documents\graduate school\computer graphics\module 11\module11lab\final project\module6_10\lighting_shader_node.h(110): warning C4996: 'sprintf': This function or variable may be unsafe. Consider using sprintf_s instead. To disable deprecation, use _CRT_SECURE_NO_WARNINGS. See online help for details.
  c:\program files (x86)\windows kits\10\include\10.0.17134.0\ucrt\stdio.h(1774): note: see declaration of 'sprintf'
c:\users\eric\documents\graduate school\computer graphics\module 11\module11lab\final project\module6_10\lighting_shader_node.h(112): warning C4996: 'sprintf': This function or variable may be unsafe. Consider using sprintf_s instead. To disable deprecation, use _CRT_SECURE_NO_WARNINGS. See online help for details.
  c:\program files (x86)\windows kits\10\include\10.0.17134.0\ucrt\stdio.h(1774): note: see declaration of 'sprintf'
c:\users\eric\documents\graduate school\computer graphics\module 11\module11lab\final project\module6_10\lighting_shader_node.h(114): warning C4996: 'sprintf': This function or variable may be unsafe. Consider using sprintf_s instead. To disable deprecation, use _CRT_SECURE_NO_WARNINGS. See online help for details.
  c:\program files (x86)\windows kits\10\include\10.0.17134.0\ucrt\stdio.h(1774): note: see declaration of 'sprintf'
c:\users\eric\documents\graduate school\computer graphics\module 11\module11lab\final project\module6_10\lighting_shader_node.h(116): warning C4996: 'sprintf': This function or variable may be unsafe. Consider using sprintf_s instead. To disable deprecation, use _CRT_SECURE_NO_WARNINGS. See online help for details.
  c:\program files (x86)\windows kits\10\include\10.0.17134.0\ucrt\stdio.h(1774): note: see declaration of 'sprintf'
c:\users\eric\documents\graduate school\computer graphics\module 11\module11lab\final project\module6_10\objloader.h(32): warning C4996: 'fopen': This function or variable may be unsafe. Consider using fopen_s instead. To disable deprecation, use _CRT_SECURE_NO_WARNINGS. See online help for details.
  c:\program files (x86)\windows kits\10\include\10.0.17134.0\ucrt\stdio.h(208): note: see declaration of 'fopen'
c:\users\eric\documents\graduate school\computer graphics\module 11\module11lab\final project\module6_10\objloader.h(43): warning C4996: 'fscanf': This function or variable may be unsafe. Consider using fscanf_s instead. To disable deprecation, use _CRT_SECURE_NO_WARNINGS. See online help for details.
  c:\program files (x86)\windows kits\10\include\10.0.17134.0\ucrt\stdio.h(1197): note: see declaration of 'fscanf'
c:\users\eric\documents\graduate school\computer graphics\module 11\module11lab\final project\module6_10\objloader.h(51): warning C4996: 'fscanf': This function or variable may be unsafe. Consider using fscanf_s instead. To disable deprecation, use _CRT_SECURE_NO_WARNINGS. See online help for details.
  c:\program files (x86)\windows kits\10\include\10.0.17134.0\ucrt\stdio.h(1197): note: see declaration of 'fscanf'
c:\users\eric\documents\graduate school\computer graphics\module 11\module11lab\final project\module6_10\objloader.h(56): warning C4996: 'fscanf': This function or variable may be unsafe. Consider using fscanf_s instead. To disable deprecation, use _CRT_SECURE_NO_WARNINGS. See online help for details.
  c:\program files (x86)\windows kits\10\include\10.0.17134.0\ucrt\stdio.h(1197): note: see declaration of 'fscanf'
c:\users\eric\documents\graduate school\computer graphics\module 11\module11lab\final project\module6_10\objloader.h(62): warning C4996: 'fscanf': This function or variable may be unsafe. Consider using fscanf_s instead. To disable deprecation, use _CRT_SECURE_NO_WARNINGS. See online help for details.
  c:\program files (x86)\windows kits\10\include\10.0.17134.0\ucrt\stdio.h(1197): note: see declaration of 'fscanf'
c:\users\eric\documents\graduate school\computer graphics\module 11\module11lab\final project\module6_10\objloader.h(68): warning C4996: 'fscanf': This function or variable may be unsafe. Consider using fscanf_s instead. To disable deprecation, use _CRT_SECURE_NO_WARNINGS. See online help for details.
  c:\program files (x86)\windows kits\10\include\10.0.17134.0\ucrt\stdio.h(1197): note: see declaration of 'fscanf'
c:\users\eric\documents\graduate school\computer graphics\module 11\module11lab\final project\module6_10\skyboxpresentation.h(94): warning C4101: 'height': unreferenced local variable
c:\users\eric\documents\graduate school\computer graphics\module 11\module11lab\final project\module6_10\skyboxpresentation.h(94): warning C4101: 'nrChannels': unreferenced local variable
c:\users\eric\documents\graduate school\computer graphics\module 11\module11lab\final project\module6_10\skyboxpresentation.h(94): warning C4101: 'width': unreferenced local variable
c:\users\eric\documents\graduate school\computer graphics\module 11\module11lab\final project\module6_10\module6_10.cpp(63): warning C4996: 'fopen': This function or variable may be unsafe. Consider using fopen_s instead. To disable deprecation, use _CRT_SECURE_NO_WARNINGS. See online help for details.
  c:\program files (x86)\windows kits\10\include\10.0.17134.0\ucrt\stdio.h(208): note: see declaration of 'fopen'
gl3w.obj : warning LNK4075: ignoring '/EDITANDCONTINUE' due to '/INCREMENTAL:NO' specification
  Module6_10.vcxproj -> C:\Users\eric\Documents\Graduate School\Computer Graphics\Module 11\Module11Lab\Final Project\Module6_10\Debug\Module6_10.exe
          1 file(s) copied.
          1 file(s) copied.
          1 file(s) copied.
