  Module6_10.cpp
c:\users\eric\documents\graduate school\computer graphics\module 11\module11lab\final project\geometry\point3.h(115): warning C4244: 'argument': conversion from 'double' to 'const float', possible loss of data
c:\users\eric\documents\graduate school\computer graphics\module 11\module11lab\final project\shader_support\glsl_shader.h(56): warning C4996: '_open': This function or variable may be unsafe. Consider using _sopen_s instead. To disable deprecation, use _CRT_SECURE_NO_WARNINGS. See online help for details.
  c:\program files (x86)\windows kits\10\include\10.0.17134.0\ucrt\corecrt_io.h(390): note: see declaration of '_open'
c:\users\eric\documents\graduate school\computer graphics\module 11\module11lab\final project\shader_support\glsl_shader.h(60): warning C4996: '_open': This function or variable may be unsafe. Consider using _sopen_s instead. To disable deprecation, use _CRT_SECURE_NO_WARNINGS. See online help for details.
  c:\program files (x86)\windows kits\10\include\10.0.17134.0\ucrt\corecrt_io.h(390): note: see declaration of '_open'
c:\users\eric\documents\graduate school\computer graphics\module 11\module11lab\final project\shader_support\glsl_shader.h(70): warning C4996: 'fopen': This function or variable may be unsafe. Consider using fopen_s instead. To disable deprecation, use _CRT_SECURE_NO_WARNINGS. See online help for details.
  c:\program files (x86)\windows kits\10\include\10.0.17134.0\ucrt\stdio.h(208): note: see declaration of 'fopen'
c:\users\eric\documents\graduate school\computer graphics\module 11\module11lab\final project\scene\presentationnode.h(121): warning C4477: 'printf' : format string '%s' requires an argument of type 'char *', but variadic argument 1 has type 'const std::string'
c:\users\eric\documents\graduate school\computer graphics\module 11\module11lab\final project\scene\presentationnode.h(138): warning C4477: 'printf' : format string '%s' requires an argument of type 'char *', but variadic argument 1 has type 'const std::string'
c:\users\eric\documents\graduate school\computer graphics\module 11\module11lab\final project\scene\presentationnode.h(144): warning C4477: 'printf' : format string '%s' requires an argument of type 'char *', but variadic argument 1 has type 'const std::string'
c:\users\eric\documents\graduate school\computer graphics\module 11\module11lab\final project\module6_10\particleemitter.h(43): warning C4244: 'initializing': conversion from 'float' to 'int', possible loss of data
c:\users\eric\documents\graduate school\computer graphics\module 11\module11lab\final project\module6_10\particleemitter.h(44): warning C4244: 'initializing': conversion from 'float' to 'int', possible loss of data
c:\users\eric\documents\graduate school\computer graphics\module 11\module11lab\final project\module6_10\particleemitter.h(45): warning C4244: 'initializing': conversion from 'float' to 'int', possible loss of data
c:\users\eric\documents\graduate school\computer graphics\module 11\module11lab\final project\module6_10\particleemitter.h(47): warning C4244: 'initializing': conversion from 'float' to 'int', possible loss of data
c:\users\eric\documents\graduate school\computer graphics\module 11\module11lab\final project\module6_10\particleemitter.h(48): warning C4244: 'initializing': conversion from 'float' to 'int', possible loss of data
c:\users\eric\documents\graduate school\computer graphics\module 11\module11lab\final project\module6_10\particleemitter.h(49): warning C4244: 'initializing': conversion from 'float' to 'int', possible loss of data
c:\users\eric\documents\graduate school\computer graphics\module 11\module11lab\final project\module6_10\particleemitter.h(51): warning C4244: 'argument': conversion from 'int' to 'const float', possible loss of data
c:\users\eric\documents\graduate school\computer graphics\module 11\module11lab\final project\module6_10\particleemitter.h(55): warning C4244: 'argument': conversion from 'int' to 'const float', possible loss of data
c:\users\eric\documents\graduate school\computer graphics\module 11\module11lab\final project\module6_10\particleemitter.h(133): warning C4018: '<': signed/unsigned mismatch
c:\users\eric\documents\graduate school\computer graphics\module 11\module11lab\final project\module6_10\lighting_shader_node.h(72): warning C4996: 'sprintf': This function or variable may be unsafe. Consider using sprintf_s instead. To disable deprecation, use _CRT_SECURE_NO_WARNINGS. See online help for details.
  c:\program files (x86)\windows kits\10\include\10.0.17134.0\ucrt\stdio.h(1774): note: see declaration of 'sprintf'
c:\users\eric\documents\graduate school\computer graphics\module 11\module11lab\final project\module6_10\lighting_shader_node.h(74): warning C4996: 'sprintf': This function or variable may be unsafe. Consider using sprintf_s instead. To disable deprecation, use _CRT_SECURE_NO_WARNINGS. See online help for details.
  c:\program files (x86)\windows kits\10\include\10.0.17134.0\ucrt\stdio.h(1774): note: see declaration of 'sprintf'
c:\users\eric\documents\graduate school\computer graphics\module 11\module11lab\final project\module6_10\lighting_shader_node.h(76): warning C4996: 'sprintf': This function or variable may be unsafe. Consider using sprintf_s instead. To disable deprecation, use _CRT_SECURE_NO_WARNINGS. See online help for details.
  c:\program files (x86)\windows kits\10\include\10.0.17134.0\ucrt\stdio.h(1774): note: see declaration of 'sprintf'
c:\users\eric\documents\graduate school\computer graphics\module 11\module11lab\final project\module6_10\lighting_shader_node.h(78): warning C4996: 'sprintf': This function or variable may be unsafe. Consider using sprintf_s instead. To disable deprecation, use _CRT_SECURE_NO_WARNINGS. See online help for details.
  c:\program files (x86)\windows kits\10\include\10.0.17134.0\ucrt\stdio.h(1774): note: see declaration of 'sprintf'
c:\users\eric\documents\graduate school\computer graphics\module 11\module11lab\final project\module6_10\lighting_shader_node.h(80): warning C4996: 'sprintf': This function or variable may be unsafe. Consider using sprintf_s instead. To disable deprecation, use _CRT_SECURE_NO_WARNINGS. See online help for details.
  c:\program files (x86)\windows kits\10\include\10.0.17134.0\ucrt\stdio.h(1774): note: see declaration of 'sprintf'
c:\users\eric\documents\graduate school\computer graphics\module 11\module11lab\final project\module6_10\lighting_shader_node.h(82): warning C4996: 'sprintf': This function or variable may be unsafe. Consider using sprintf_s instead. To disable deprecation, use _CRT_SECURE_NO_WARNINGS. See online help for details.
  c:\program files (x86)\windows kits\10\include\10.0.17134.0\ucrt\stdio.h(1774): note: see declaration of 'sprintf'
c:\users\eric\documents\graduate school\computer graphics\module 11\module11lab\final project\module6_10\lighting_shader_node.h(84): warning C4996: 'sprintf': This function or variable may be unsafe. Consider using sprintf_s instead. To disable deprecation, use _CRT_SECURE_NO_WARNINGS. See online help for details.
  c:\program files (x86)\windows kits\10\include\10.0.17134.0\ucrt\stdio.h(1774): note: see declaration of 'sprintf'
c:\users\eric\documents\graduate school\computer graphics\module 11\module11lab\final project\module6_10\lighting_shader_node.h(86): warning C4996: 'sprintf': This function or variable may be unsafe. Consider using sprintf_s instead. To disable deprecation, use _CRT_SECURE_NO_WARNINGS. See online help for details.
  c:\program files (x86)\windows kits\10\include\10.0.17134.0\ucrt\stdio.h(1774): note: see declaration of 'sprintf'
c:\users\eric\documents\graduate school\computer graphics\module 11\module11lab\final project\module6_10\lighting_shader_node.h(88): warning C4996: 'sprintf': This function or variable may be unsafe. Consider using sprintf_s instead. To disable deprecation, use _CRT_SECURE_NO_WARNINGS. See online help for details.
  c:\program files (x86)\windows kits\10\include\10.0.17134.0\ucrt\stdio.h(1774): note: see declaration of 'sprintf'
c:\users\eric\documents\graduate school\computer graphics\module 11\module11lab\final project\module6_10\lighting_shader_node.h(90): warning C4996: 'sprintf': This function or variable may be unsafe. Consider using sprintf_s instead. To disable deprecation, use _CRT_SECURE_NO_WARNINGS. See online help for details.
  c:\program files (x86)\windows kits\10\include\10.0.17134.0\ucrt\stdio.h(1774): note: see declaration of 'sprintf'
c:\users\eric\documents\graduate school\computer graphics\module 11\module11lab\final project\module6_10\lighting_shader_node.h(92): warning C4996: 'sprintf': This function or variable may be unsafe. Consider using sprintf_s instead. To disable deprecation, use _CRT_SECURE_NO_WARNINGS. See online help for details.
  c:\program files (x86)\windows kits\10\include\10.0.17134.0\ucrt\stdio.h(1774): note: see declaration of 'sprintf'
c:\users\eric\documents\graduate school\computer graphics\module 11\module11lab\final project\module6_10\lighting_shader_node.h(94): warning C4996: 'sprintf': This function or variable may be unsafe. Consider using sprintf_s instead. To disable deprecation, use _CRT_SECURE_NO_WARNINGS. See online help for details.
  c:\program files (x86)\windows kits\10\include\10.0.17134.0\ucrt\stdio.h(1774): note: see declaration of 'sprintf'
c:\users\eric\documents\graduate school\computer graphics\module 11\module11lab\final project\module6_10\module6_10.cpp(54): warning C4996: 'fopen': This function or variable may be unsafe. Consider using fopen_s instead. To disable deprecation, use _CRT_SECURE_NO_WARNINGS. See online help for details.
  c:\program files (x86)\windows kits\10\include\10.0.17134.0\ucrt\stdio.h(208): note: see declaration of 'fopen'
  Module6_10.vcxproj -> C:\Users\eric\Documents\Graduate School\Computer Graphics\Module 11\Module11Lab\Final Project\Module6_10\Release\Module6_10.exe
          1 file(s) copied.
          1 file(s) copied.
          1 file(s) copied.
